<?xml version="1.0" encoding="UTF-8" ?>
<testsuites>
  <testsuite errors="0" failures="0" hostname="KIMTHOA-PC" id="0" name="AllJUnitPluginTests" package="ntut.csie.AllTest" tests="70" time="0.0" timestamp="2013-10-23T08:59:21">
      <properties>
[...]
</properties>

      <testcase classname="pde.test.utils.PDETestListener$WrapperTestCase" name="testFindCurrentMethod(ntut.csie.csdet.quickfix.BaseQuickFixTest)" time="1.13" />

      <testcase classname="pde.test.utils.PDETestListener$WrapperTestCase" name="testGetChange(ntut.csie.csdet.quickfix.BaseQuickFixTest)" time="0.191" />

      <testcase classname="pde.test.utils.PDETestListener$WrapperTestCase" name="testFindMethod(ntut.csie.csdet.refactor.CarelessCleanUpRefactorTest)" time="0.22" />

      <testcase classname="pde.test.utils.PDETestListener$WrapperTestCase" name="testGetCurrentMethodNode(ntut.csie.csdet.refactor.CarelessCleanUpRefactorTest)" time="0.17" />

      <testcase classname="pde.test.utils.PDETestListener$WrapperTestCase" name="testSetNewMethodName(ntut.csie.csdet.refactor.CarelessCleanUpRefactorTest)" time="0.11" />

      <testcase classname="pde.test.utils.PDETestListener$WrapperTestCase" name="testSetNewType(ntut.csie.csdet.refactor.CarelessCleanUpRefactorTest)" time="0.11" />

      <testcase classname="pde.test.utils.PDETestListener$WrapperTestCase" name="testDetectIfStatementSize(ntut.csie.csdet.refactor.CarelessCleanUpRefactorTest)" time="0.29" />

      <testcase classname="pde.test.utils.PDETestListener$WrapperTestCase" name="testCheckInitialConditions(ntut.csie.csdet.refactor.CarelessCleanUpRefactorTest)" time="0.26" />

      <testcase classname="pde.test.utils.PDETestListener$WrapperTestCase" name="testFindSmellMessage(ntut.csie.csdet.refactor.CarelessCleanUpRefactorTest)" time="0.19" />

      <testcase classname="pde.test.utils.PDETestListener$WrapperTestCase" name="testFindTryStatement(ntut.csie.csdet.refactor.CarelessCleanUpRefactorTest)" time="0.11" />

      <testcase classname="pde.test.utils.PDETestListener$WrapperTestCase" name="testAddFinallyBlock(ntut.csie.csdet.refactor.CarelessCleanUpRefactorTest)" time="0.1" />

      <testcase classname="pde.test.utils.PDETestListener$WrapperTestCase" name="testDeleteBlockStatement(ntut.csie.csdet.refactor.CarelessCleanUpRefactorTest)" time="0.1" />

      <testcase classname="pde.test.utils.PDETestListener$WrapperTestCase" name="testDeleteCleanUpLine(ntut.csie.csdet.refactor.CarelessCleanUpRefactorTest)" time="0.1" />

      <testcase classname="pde.test.utils.PDETestListener$WrapperTestCase" name="testMoveInstance(ntut.csie.csdet.refactor.CarelessCleanUpRefactorTest)" time="0.11" />

      <testcase classname="pde.test.utils.PDETestListener$WrapperTestCase" name="testAddImportPackage(ntut.csie.csdet.refactor.CarelessCleanUpRefactorTest)" time="0.09" />

      <testcase classname="pde.test.utils.PDETestListener$WrapperTestCase" name="testCreateNewMethod(ntut.csie.csdet.refactor.CarelessCleanUpRefactorTest)" time="0.09" />

      <testcase classname="pde.test.utils.PDETestListener$WrapperTestCase" name="testAddMethodInFinally(ntut.csie.csdet.refactor.CarelessCleanUpRefactorTest)" time="0.08" />

      <testcase classname="pde.test.utils.PDETestListener$WrapperTestCase" name="testIsExistenceWithMethodNodeListSizeIsZero(ntut.csie.csdet.refactor.OverLoggingRefactorTest)" time="0.11" />

      <testcase classname="pde.test.utils.PDETestListener$WrapperTestCase" name="testIsExistenceWithNoDuplicateMethod(ntut.csie.csdet.refactor.OverLoggingRefactorTest)" time="0.11" />

      <testcase classname="pde.test.utils.PDETestListener$WrapperTestCase" name="testIsExistenceWithDuplicateMethods(ntut.csie.csdet.refactor.OverLoggingRefactorTest)" time="0.11" />

      <testcase classname="pde.test.utils.PDETestListener$WrapperTestCase" name="testAddFixListWithUnitListSizeIsZero(ntut.csie.csdet.refactor.OverLoggingRefactorTest)" time="0.11" />

      <testcase classname="pde.test.utils.PDETestListener$WrapperTestCase" name="testAddFixListWithDuplicateMethods(ntut.csie.csdet.refactor.OverLoggingRefactorTest)" time="0.11" />

      <testcase classname="pde.test.utils.PDETestListener$WrapperTestCase" name="testAddFixListWithNoDuplicateMethod(ntut.csie.csdet.refactor.OverLoggingRefactorTest)" time="0.1" />

      <testcase classname="pde.test.utils.PDETestListener$WrapperTestCase" name="testGetIsKeepTrace(ntut.csie.csdet.refactor.OverLoggingRefactorTest)" time="0.13" />

      <testcase classname="pde.test.utils.PDETestListener$WrapperTestCase" name="testDeleteCatchStatementWithIncorrectStatement(ntut.csie.csdet.refactor.OverLoggingRefactorTest)" time="0.12" />

      <testcase classname="pde.test.utils.PDETestListener$WrapperTestCase" name="testDeleteCatchStatementWithcorrectStatement(ntut.csie.csdet.refactor.OverLoggingRefactorTest)" time="0.11" />

      <testcase classname="pde.test.utils.PDETestListener$WrapperTestCase" name="testDeleteMessageWithNoMessageDeleted(ntut.csie.csdet.refactor.OverLoggingRefactorTest)" time="0.09" />

      <testcase classname="pde.test.utils.PDETestListener$WrapperTestCase" name="testDeleteMessageWithDeletingMessage(ntut.csie.csdet.refactor.OverLoggingRefactorTest)" time="0.1" />

      <testcase classname="pde.test.utils.PDETestListener$WrapperTestCase" name="testTransMethodNode(ntut.csie.csdet.refactor.OverLoggingRefactorTest)" time="0.1" />

      <testcase classname="pde.test.utils.PDETestListener$WrapperTestCase" name="testFindMethodIndexWithBeingIndex(ntut.csie.csdet.refactor.OverLoggingRefactorTest)" time="0.11" />

      <testcase classname="pde.test.utils.PDETestListener$WrapperTestCase" name="testFindMethodIndexWithNonexistIndex(ntut.csie.csdet.refactor.OverLoggingRefactorTest)" time="0.11" />

      <testcase classname="pde.test.utils.PDETestListener$WrapperTestCase" name="testBindMethodOnlyKnowMethodInfo(ntut.csie.csdet.refactor.OverLoggingRefactorTest)" time="3.531" />

      <testcase classname="pde.test.utils.PDETestListener$WrapperTestCase" name="testBindMethodOnlyKnowMethodIndex(ntut.csie.csdet.refactor.OverLoggingRefactorTest)" time="2.06" />

      <testcase classname="pde.test.utils.PDETestListener$WrapperTestCase" name="testObtainResourceWithIllegalResource(ntut.csie.csdet.refactor.OverLoggingRefactorTest)" time="0.09" />

      <testcase classname="pde.test.utils.PDETestListener$WrapperTestCase" name="testObtainResourceWithlegalResource(ntut.csie.csdet.refactor.OverLoggingRefactorTest)" time="0.1" />

      <testcase classname="pde.test.utils.PDETestListener$WrapperTestCase" name="testTraceCallerMethodFromMidway(ntut.csie.csdet.refactor.OverLoggingRefactorTest)" time="1.811" />

      <testcase classname="pde.test.utils.PDETestListener$WrapperTestCase" name="testTraceCalleeMethodFromMidway(ntut.csie.csdet.refactor.OverLoggingRefactorTest)" time="2.61" />

      <testcase classname="pde.test.utils.PDETestListener$WrapperTestCase" name="testApplyChange(ntut.csie.csdet.refactor.RethrowExRefactoringTest)" time="0.1" />

      <testcase classname="pde.test.utils.PDETestListener$WrapperTestCase" name="testFindMethod(ntut.csie.csdet.refactor.RethrowExRefactoringTest)" time="0.1" />

      <testcase classname="pde.test.utils.PDETestListener$WrapperTestCase" name="testCheckInitialConditions(ntut.csie.csdet.refactor.RethrowExRefactoringTest)" time="0.08" />

      <testcase classname="pde.test.utils.PDETestListener$WrapperTestCase" name="testGetThrowStatementSourceLine(ntut.csie.csdet.refactor.RethrowExRefactoringTest)" time="0.07" />

      <testcase classname="pde.test.utils.PDETestListener$WrapperTestCase" name="testSetExceptionName(ntut.csie.csdet.refactor.RethrowExRefactoringTest)" time="0.08" />

      <testcase classname="pde.test.utils.PDETestListener$WrapperTestCase" name="testAddImportRLDeclaration(ntut.csie.csdet.refactor.RethrowExRefactoringTest)" time="0.08" />

      <testcase classname="pde.test.utils.PDETestListener$WrapperTestCase" name="testAddImportDeclaration(ntut.csie.csdet.refactor.RethrowExRefactoringTest)" time="0.07" />

      <testcase classname="pde.test.utils.PDETestListener$WrapperTestCase" name="testGetRLAnnotation(ntut.csie.csdet.refactor.RethrowExRefactoringTest)" time="0.07" />

      <testcase classname="pde.test.utils.PDETestListener$WrapperTestCase" name="testAddAnnotationRoot(ntut.csie.csdet.refactor.RethrowExRefactoringTest)" time="0.08" />

      <testcase classname="pde.test.utils.PDETestListener$WrapperTestCase" name="testDeleteStatement(ntut.csie.csdet.refactor.RethrowExRefactoringTest)" time="0.07" />

      <testcase classname="pde.test.utils.PDETestListener$WrapperTestCase" name="testAddThrowStatement(ntut.csie.csdet.refactor.RethrowExRefactoringTest)" time="0.08" />

      <testcase classname="pde.test.utils.PDETestListener$WrapperTestCase" name="testCheckMethodThrow(ntut.csie.csdet.refactor.RethrowExRefactoringTest)" time="0.07" />

      <testcase classname="pde.test.utils.PDETestListener$WrapperTestCase" name="testCheckFinalConditions(ntut.csie.csdet.refactor.RethrowExRefactoringTest)" time="0.08" />

      <testcase classname="pde.test.utils.PDETestListener$WrapperTestCase" name="testCheckInitialConditions(ntut.csie.csdet.refactor.RetryRefactoringTest)" time="0.09" />

      <testcase classname="pde.test.utils.PDETestListener$WrapperTestCase" name="testCreateChange(ntut.csie.csdet.refactor.RetryRefactoringTest)" time="0.1" />

      <testcase classname="pde.test.utils.PDETestListener$WrapperTestCase" name="testSetExceptionName(ntut.csie.csdet.refactor.RetryRefactoringTest)" time="0.09" />

      <testcase classname="pde.test.utils.PDETestListener$WrapperTestCase" name="testAddImportRLDeclaration(ntut.csie.csdet.refactor.RetryRefactoringTest)" time="0.09" />

      <testcase classname="pde.test.utils.PDETestListener$WrapperTestCase" name="testAddImportDeclaration(ntut.csie.csdet.refactor.RetryRefactoringTest)" time="0.1" />

      <testcase classname="pde.test.utils.PDETestListener$WrapperTestCase" name="testGetRLAnnotation(ntut.csie.csdet.refactor.RetryRefactoringTest)" time="0.123" />

      <testcase classname="pde.test.utils.PDETestListener$WrapperTestCase" name="testSetRetryVariable(ntut.csie.csdet.refactor.RetryRefactoringTest)" time="0.135" />

      <testcase classname="pde.test.utils.PDETestListener$WrapperTestCase" name="testSetMaxAttemptNum(ntut.csie.csdet.refactor.RetryRefactoringTest)" time="0.116" />

      <testcase classname="pde.test.utils.PDETestListener$WrapperTestCase" name="testSetMaxAttemptVariable(ntut.csie.csdet.refactor.RetryRefactoringTest)" time="0.082" />

      <testcase classname="pde.test.utils.PDETestListener$WrapperTestCase" name="testSetAttemptVariable(ntut.csie.csdet.refactor.RetryRefactoringTest)" time="0.09" />

      <testcase classname="pde.test.utils.PDETestListener$WrapperTestCase" name="testFindHomogeneousExType_InnerTryStatementHoldHigherLevelExceptionType(ntut.csie.csdet.refactor.RetryRefactoringTest)" time="0.07" />

      <testcase classname="pde.test.utils.PDETestListener$WrapperTestCase" name="testFindHomogeneousExType_InnerTryStatementHoldLowerLevelExceptionType(ntut.csie.csdet.refactor.RetryRefactoringTest)" time="0.09" />

      <testcase classname="pde.test.utils.PDETestListener$WrapperTestCase" name="testFindHomogeneousExType_InnerTryStatementExceptionTypeAndOuterTryStatementExceptionWithoutParentChildRelations(ntut.csie.csdet.refactor.RetryRefactoringTest)" time="0.07" />

      <testcase classname="pde.test.utils.PDETestListener$WrapperTestCase" name="testAddNewVariable(ntut.csie.csdet.refactor.RetryRefactoringTest)" time="0.08" />

      <testcase classname="pde.test.utils.PDETestListener$WrapperTestCase" name="testAddDoWhile(ntut.csie.csdet.refactor.RetryRefactoringTest)" time="0.07" />

      <testcase classname="pde.test.utils.PDETestListener$WrapperTestCase" name="testAddTryClause(ntut.csie.csdet.refactor.RetryRefactoringTest)" time="0.08" />

      <testcase classname="pde.test.utils.PDETestListener$WrapperTestCase" name="testAddNoAltTryBlock(ntut.csie.csdet.refactor.RetryRefactoringTest)" time="0.07" />

      <testcase classname="pde.test.utils.PDETestListener$WrapperTestCase" name="testAddCatchBlock(ntut.csie.csdet.refactor.RetryRefactoringTest)" time="0.08" />

      <testcase classname="pde.test.utils.PDETestListener$WrapperTestCase" name="testCountFileLOC(ntut.csie.csdet.report.ReportBuilderIntergrationTest)" time="0.13" />

  </testsuite>
  <testsuite errors="0" failures="0" hostname="KIMTHOA-PC" id="1" name="AllJUnitTests" package="ntut.csie.AllTest" tests="54" time="0.18" timestamp="2013-10-23T08:59:52">
      <properties>
[...]
</properties>

      <testcase classname="ntut.csie.csdet.data.CSMessageTest" name="testGetCodeSmellType" time="0.0" />

      <testcase classname="ntut.csie.csdet.data.CSMessageTest" name="testGetLineNumber" time="0.0" />

      <testcase classname="ntut.csie.csdet.data.CSMessageTest" name="testGetExceptionType" time="0.0" />

      <testcase classname="ntut.csie.csdet.data.CSMessageTest" name="testGetStatement" time="0.0" />

      <testcase classname="ntut.csie.csdet.data.CSMessageTest" name="testGetPosition" time="0.0" />

      <testcase classname="ntut.csie.csdet.data.MarkerInfoTest" name="testGetCodeSmellType" time="0.0" />

      <testcase classname="ntut.csie.csdet.data.MarkerInfoTest" name="testGetLineNumber" time="0.0" />

      <testcase classname="ntut.csie.csdet.data.MarkerInfoTest" name="testGetExceptionType" time="0.0" />

      <testcase classname="ntut.csie.csdet.data.MarkerInfoTest" name="testGetStatement" time="0.0" />

      <testcase classname="ntut.csie.csdet.data.MarkerInfoTest" name="testGetPosition" time="0.0" />

      <testcase classname="ntut.csie.csdet.preference.SmellSettingsTest" name="testConstructor_File" time="0.02" />

      <testcase classname="ntut.csie.csdet.preference.SmellSettingsTest" name="testConstructor_String" time="0.0" />

      <testcase classname="ntut.csie.csdet.preference.SmellSettingsTest" name="testGetSmellType" time="0.02" />

      <testcase classname="ntut.csie.csdet.preference.SmellSettingsTest" name="testAddDummyHandlerPattern" time="0.0" />

      <testcase classname="ntut.csie.csdet.preference.SmellSettingsTest" name="testOverLoggingPattern" time="0.0" />

      <testcase classname="ntut.csie.csdet.preference.SmellSettingsTest" name="testAddCarelessCleanupPattern" time="0.0" />

      <testcase classname="ntut.csie.csdet.preference.SmellSettingsTest" name="testIsDetectingSmell" time="0.0" />

      <testcase classname="ntut.csie.csdet.preference.SmellSettingsTest" name="testGetAllDetectingPatterns" time="0.01" />

      <testcase classname="ntut.csie.csdet.preference.SmellSettingsTest" name="testGetDetectingPatterns" time="0.0" />

      <testcase classname="ntut.csie.csdet.preference.SmellSettingsTest" name="testAddPattern" time="0.0" />

      <testcase classname="ntut.csie.csdet.preference.SmellSettingsTest" name="testAddExtraRule" time="0.0" />

      <testcase classname="ntut.csie.csdet.preference.SmellSettingsTest" name="testRemoveExtraRule" time="0.0" />

      <testcase classname="ntut.csie.csdet.preference.SmellSettingsTest" name="testWriteXMLFile" time="0.0" />

      <testcase classname="ntut.csie.csdet.preference.SmellSettingsTest" name="testWriteXMLFile_OverwriteNonXMLFormatFile" time="0.0" />

      <testcase classname="ntut.csie.csdet.preference.SmellSettingsTest" name="testWriteXMLFile_OtherTextWriterWriteSmellSettingXMLFormatFileAfterSmellSettingInstanceIsCreated" time="0.0" />

      <testcase classname="ntut.csie.csdet.preference.SmellSettingsTest" name="testWriteXMLFile_UsingSameVariableTwiceWithDifferentNewInstance" time="0.01" />

      <testcase classname="ntut.csie.csdet.preference.SmellSettingsTest" name="testWriteXMLFile_UsingTwoDifferentVariable" time="0.0" />

      <testcase classname="ntut.csie.csdet.preference.SmellSettingsTest" name="testRemovePatterns" time="0.0" />

      <testcase classname="ntut.csie.csdet.preference.SmellSettingsTest" name="testSetSmellTypeAttribute" time="0.0" />

      <testcase classname="ntut.csie.csdet.preference.SmellSettingsTest" name="testGetSmellPatterns" time="0.0" />

      <testcase classname="ntut.csie.csdet.preference.SmellSettingsTest" name="testIsExtraRuleExist" time="0.0" />

      <testcase classname="ntut.csie.csdet.preference.SmellSettingsTest" name="testGetSmellSettings" time="0.01" />

      <testcase classname="ntut.csie.csdet.preference.SmellSettingsTest" name="testActivateAllConditions" time="0.0" />

      <testcase classname="ntut.csie.csdet.preference.SmellSettingsTest" name="testGetAnnotationType" time="0.0" />

      <testcase classname="ntut.csie.csdet.preference.SmellSettingsTest" name="testGetAnnotationTypeAttribute" time="0.0" />

      <testcase classname="ntut.csie.csdet.preference.SmellSettingsTest" name="testGetPreference" time="0.0" />

      <testcase classname="ntut.csie.csdet.preference.SmellSettingsTest" name="testGetPreferenceAttribute" time="0.0" />

      <testcase classname="ntut.csie.csdet.preference.SmellSettingsTest" name="testSetPreferenceAttribute" time="0.0" />

      <testcase classname="ntut.csie.csdet.report.ClassModelTest" name="testSetClassName" time="0.0" />

      <testcase classname="ntut.csie.csdet.report.ClassModelTest" name="testSetClassPath" time="0.0" />

      <testcase classname="ntut.csie.csdet.report.ClassModelTest" name="testSetIgnoreExList" time="0.0" />

      <testcase classname="ntut.csie.csdet.report.ClassModelTest" name="testSetDummyList" time="0.0" />

      <testcase classname="ntut.csie.csdet.report.ClassModelTest" name="testSetNestedTryList" time="0.0" />

      <testcase classname="ntut.csie.csdet.report.ClassModelTest" name="testSetUnprotectedMain" time="0.0" />

      <testcase classname="ntut.csie.csdet.report.ClassModelTest" name="testSetOverLogging" time="0.0" />

      <testcase classname="ntut.csie.csdet.report.ClassModelTest" name="testSetCarelessCleanUp" time="0.0" />

      <testcase classname="ntut.csie.jdt.util.ClazzTest" name="testIsImplemented" time="0.0" />

      <testcase classname="ntut.csie.jdt.util.ClazzTest" name="testIsUncheckedException" time="0.0" />

      <testcase classname="ntut.csie.filemaker.test.JavaFileToStringTest" name="testReadClassOfQString" time="0.0" />

      <testcase classname="ntut.csie.filemaker.test.JavaFileToStringTest" name="testClear" time="0.0" />

      <testcase classname="ntut.csie.filemaker.JarFileMakerTest" name="testSplitNameByDot" time="0.0" />

      <testcase classname="ntut.csie.filemaker.JarFileMakerTest" name="testGetWillBeJaredClasses" time="0.0" />

      <testcase classname="ntut.csie.filemaker.JarFileMakerTest" name="testCreateJarFile" time="0.0" />

      <testcase classname="ntut.csie.filemaker.JarFileMakerTest" name="testCreateJarFileNullParam" time="0.0" />

      <system-out><![CDATA[]]></system-out>

      <system-err><![CDATA[]]></system-err>

  </testsuite>
</testsuites>
