<?xml version="1.0" encoding="UTF-8" ?>
<testsuite errors="0" failures="0" hostname="KIMTHOA-PC" name="ntut.csie.AllTest.AllJUnitPluginTests" tests="70" time="0.0" timestamp="2013-10-23T08:59:21">
  <properties>
[...]
</properties>
  <testcase classname="pde.test.utils.PDETestListener$WrapperTestCase" name="testFindCurrentMethod(ntut.csie.csdet.quickfix.BaseQuickFixTest)" time="1.13" />
  <testcase classname="pde.test.utils.PDETestListener$WrapperTestCase" name="testGetChange(ntut.csie.csdet.quickfix.BaseQuickFixTest)" time="0.191" />
  <testcase classname="pde.test.utils.PDETestListener$WrapperTestCase" name="testFindMethod(ntut.csie.csdet.refactor.CarelessCleanUpRefactorTest)" time="0.22" />
  <testcase classname="pde.test.utils.PDETestListener$WrapperTestCase" name="testGetCurrentMethodNode(ntut.csie.csdet.refactor.CarelessCleanUpRefactorTest)" time="0.17" />
  <testcase classname="pde.test.utils.PDETestListener$WrapperTestCase" name="testSetNewMethodName(ntut.csie.csdet.refactor.CarelessCleanUpRefactorTest)" time="0.11" />
  <testcase classname="pde.test.utils.PDETestListener$WrapperTestCase" name="testSetNewType(ntut.csie.csdet.refactor.CarelessCleanUpRefactorTest)" time="0.11" />
  <testcase classname="pde.test.utils.PDETestListener$WrapperTestCase" name="testDetectIfStatementSize(ntut.csie.csdet.refactor.CarelessCleanUpRefactorTest)" time="0.29" />
  <testcase classname="pde.test.utils.PDETestListener$WrapperTestCase" name="testCheckInitialConditions(ntut.csie.csdet.refactor.CarelessCleanUpRefactorTest)" time="0.26" />
  <testcase classname="pde.test.utils.PDETestListener$WrapperTestCase" name="testFindSmellMessage(ntut.csie.csdet.refactor.CarelessCleanUpRefactorTest)" time="0.19" />
  <testcase classname="pde.test.utils.PDETestListener$WrapperTestCase" name="testFindTryStatement(ntut.csie.csdet.refactor.CarelessCleanUpRefactorTest)" time="0.11" />
  <testcase classname="pde.test.utils.PDETestListener$WrapperTestCase" name="testAddFinallyBlock(ntut.csie.csdet.refactor.CarelessCleanUpRefactorTest)" time="0.1" />
  <testcase classname="pde.test.utils.PDETestListener$WrapperTestCase" name="testDeleteBlockStatement(ntut.csie.csdet.refactor.CarelessCleanUpRefactorTest)" time="0.1" />
  <testcase classname="pde.test.utils.PDETestListener$WrapperTestCase" name="testDeleteCleanUpLine(ntut.csie.csdet.refactor.CarelessCleanUpRefactorTest)" time="0.1" />
  <testcase classname="pde.test.utils.PDETestListener$WrapperTestCase" name="testMoveInstance(ntut.csie.csdet.refactor.CarelessCleanUpRefactorTest)" time="0.11" />
  <testcase classname="pde.test.utils.PDETestListener$WrapperTestCase" name="testAddImportPackage(ntut.csie.csdet.refactor.CarelessCleanUpRefactorTest)" time="0.09" />
  <testcase classname="pde.test.utils.PDETestListener$WrapperTestCase" name="testCreateNewMethod(ntut.csie.csdet.refactor.CarelessCleanUpRefactorTest)" time="0.09" />
  <testcase classname="pde.test.utils.PDETestListener$WrapperTestCase" name="testAddMethodInFinally(ntut.csie.csdet.refactor.CarelessCleanUpRefactorTest)" time="0.08" />
  <testcase classname="pde.test.utils.PDETestListener$WrapperTestCase" name="testIsExistenceWithMethodNodeListSizeIsZero(ntut.csie.csdet.refactor.OverLoggingRefactorTest)" time="0.11" />
  <testcase classname="pde.test.utils.PDETestListener$WrapperTestCase" name="testIsExistenceWithNoDuplicateMethod(ntut.csie.csdet.refactor.OverLoggingRefactorTest)" time="0.11" />
  <testcase classname="pde.test.utils.PDETestListener$WrapperTestCase" name="testIsExistenceWithDuplicateMethods(ntut.csie.csdet.refactor.OverLoggingRefactorTest)" time="0.11" />
  <testcase classname="pde.test.utils.PDETestListener$WrapperTestCase" name="testAddFixListWithUnitListSizeIsZero(ntut.csie.csdet.refactor.OverLoggingRefactorTest)" time="0.11" />
  <testcase classname="pde.test.utils.PDETestListener$WrapperTestCase" name="testAddFixListWithDuplicateMethods(ntut.csie.csdet.refactor.OverLoggingRefactorTest)" time="0.11" />
  <testcase classname="pde.test.utils.PDETestListener$WrapperTestCase" name="testAddFixListWithNoDuplicateMethod(ntut.csie.csdet.refactor.OverLoggingRefactorTest)" time="0.1" />
  <testcase classname="pde.test.utils.PDETestListener$WrapperTestCase" name="testGetIsKeepTrace(ntut.csie.csdet.refactor.OverLoggingRefactorTest)" time="0.13" />
  <testcase classname="pde.test.utils.PDETestListener$WrapperTestCase" name="testDeleteCatchStatementWithIncorrectStatement(ntut.csie.csdet.refactor.OverLoggingRefactorTest)" time="0.12" />
  <testcase classname="pde.test.utils.PDETestListener$WrapperTestCase" name="testDeleteCatchStatementWithcorrectStatement(ntut.csie.csdet.refactor.OverLoggingRefactorTest)" time="0.11" />
  <testcase classname="pde.test.utils.PDETestListener$WrapperTestCase" name="testDeleteMessageWithNoMessageDeleted(ntut.csie.csdet.refactor.OverLoggingRefactorTest)" time="0.09" />
  <testcase classname="pde.test.utils.PDETestListener$WrapperTestCase" name="testDeleteMessageWithDeletingMessage(ntut.csie.csdet.refactor.OverLoggingRefactorTest)" time="0.1" />
  <testcase classname="pde.test.utils.PDETestListener$WrapperTestCase" name="testTransMethodNode(ntut.csie.csdet.refactor.OverLoggingRefactorTest)" time="0.1" />
  <testcase classname="pde.test.utils.PDETestListener$WrapperTestCase" name="testFindMethodIndexWithBeingIndex(ntut.csie.csdet.refactor.OverLoggingRefactorTest)" time="0.11" />
  <testcase classname="pde.test.utils.PDETestListener$WrapperTestCase" name="testFindMethodIndexWithNonexistIndex(ntut.csie.csdet.refactor.OverLoggingRefactorTest)" time="0.11" />
  <testcase classname="pde.test.utils.PDETestListener$WrapperTestCase" name="testBindMethodOnlyKnowMethodInfo(ntut.csie.csdet.refactor.OverLoggingRefactorTest)" time="3.531" />
  <testcase classname="pde.test.utils.PDETestListener$WrapperTestCase" name="testBindMethodOnlyKnowMethodIndex(ntut.csie.csdet.refactor.OverLoggingRefactorTest)" time="2.06" />
  <testcase classname="pde.test.utils.PDETestListener$WrapperTestCase" name="testObtainResourceWithIllegalResource(ntut.csie.csdet.refactor.OverLoggingRefactorTest)" time="0.09" />
  <testcase classname="pde.test.utils.PDETestListener$WrapperTestCase" name="testObtainResourceWithlegalResource(ntut.csie.csdet.refactor.OverLoggingRefactorTest)" time="0.1" />
  <testcase classname="pde.test.utils.PDETestListener$WrapperTestCase" name="testTraceCallerMethodFromMidway(ntut.csie.csdet.refactor.OverLoggingRefactorTest)" time="1.811" />
  <testcase classname="pde.test.utils.PDETestListener$WrapperTestCase" name="testTraceCalleeMethodFromMidway(ntut.csie.csdet.refactor.OverLoggingRefactorTest)" time="2.61" />
  <testcase classname="pde.test.utils.PDETestListener$WrapperTestCase" name="testApplyChange(ntut.csie.csdet.refactor.RethrowExRefactoringTest)" time="0.1" />
  <testcase classname="pde.test.utils.PDETestListener$WrapperTestCase" name="testFindMethod(ntut.csie.csdet.refactor.RethrowExRefactoringTest)" time="0.1" />
  <testcase classname="pde.test.utils.PDETestListener$WrapperTestCase" name="testCheckInitialConditions(ntut.csie.csdet.refactor.RethrowExRefactoringTest)" time="0.08" />
  <testcase classname="pde.test.utils.PDETestListener$WrapperTestCase" name="testGetThrowStatementSourceLine(ntut.csie.csdet.refactor.RethrowExRefactoringTest)" time="0.07" />
  <testcase classname="pde.test.utils.PDETestListener$WrapperTestCase" name="testSetExceptionName(ntut.csie.csdet.refactor.RethrowExRefactoringTest)" time="0.08" />
  <testcase classname="pde.test.utils.PDETestListener$WrapperTestCase" name="testAddImportRLDeclaration(ntut.csie.csdet.refactor.RethrowExRefactoringTest)" time="0.08" />
  <testcase classname="pde.test.utils.PDETestListener$WrapperTestCase" name="testAddImportDeclaration(ntut.csie.csdet.refactor.RethrowExRefactoringTest)" time="0.07" />
  <testcase classname="pde.test.utils.PDETestListener$WrapperTestCase" name="testGetRLAnnotation(ntut.csie.csdet.refactor.RethrowExRefactoringTest)" time="0.07" />
  <testcase classname="pde.test.utils.PDETestListener$WrapperTestCase" name="testAddAnnotationRoot(ntut.csie.csdet.refactor.RethrowExRefactoringTest)" time="0.08" />
  <testcase classname="pde.test.utils.PDETestListener$WrapperTestCase" name="testDeleteStatement(ntut.csie.csdet.refactor.RethrowExRefactoringTest)" time="0.07" />
  <testcase classname="pde.test.utils.PDETestListener$WrapperTestCase" name="testAddThrowStatement(ntut.csie.csdet.refactor.RethrowExRefactoringTest)" time="0.08" />
  <testcase classname="pde.test.utils.PDETestListener$WrapperTestCase" name="testCheckMethodThrow(ntut.csie.csdet.refactor.RethrowExRefactoringTest)" time="0.07" />
  <testcase classname="pde.test.utils.PDETestListener$WrapperTestCase" name="testCheckFinalConditions(ntut.csie.csdet.refactor.RethrowExRefactoringTest)" time="0.08" />
  <testcase classname="pde.test.utils.PDETestListener$WrapperTestCase" name="testCheckInitialConditions(ntut.csie.csdet.refactor.RetryRefactoringTest)" time="0.09" />
  <testcase classname="pde.test.utils.PDETestListener$WrapperTestCase" name="testCreateChange(ntut.csie.csdet.refactor.RetryRefactoringTest)" time="0.1" />
  <testcase classname="pde.test.utils.PDETestListener$WrapperTestCase" name="testSetExceptionName(ntut.csie.csdet.refactor.RetryRefactoringTest)" time="0.09" />
  <testcase classname="pde.test.utils.PDETestListener$WrapperTestCase" name="testAddImportRLDeclaration(ntut.csie.csdet.refactor.RetryRefactoringTest)" time="0.09" />
  <testcase classname="pde.test.utils.PDETestListener$WrapperTestCase" name="testAddImportDeclaration(ntut.csie.csdet.refactor.RetryRefactoringTest)" time="0.1" />
  <testcase classname="pde.test.utils.PDETestListener$WrapperTestCase" name="testGetRLAnnotation(ntut.csie.csdet.refactor.RetryRefactoringTest)" time="0.123" />
  <testcase classname="pde.test.utils.PDETestListener$WrapperTestCase" name="testSetRetryVariable(ntut.csie.csdet.refactor.RetryRefactoringTest)" time="0.135" />
  <testcase classname="pde.test.utils.PDETestListener$WrapperTestCase" name="testSetMaxAttemptNum(ntut.csie.csdet.refactor.RetryRefactoringTest)" time="0.116" />
  <testcase classname="pde.test.utils.PDETestListener$WrapperTestCase" name="testSetMaxAttemptVariable(ntut.csie.csdet.refactor.RetryRefactoringTest)" time="0.082" />
  <testcase classname="pde.test.utils.PDETestListener$WrapperTestCase" name="testSetAttemptVariable(ntut.csie.csdet.refactor.RetryRefactoringTest)" time="0.09" />
  <testcase classname="pde.test.utils.PDETestListener$WrapperTestCase" name="testFindHomogeneousExType_InnerTryStatementHoldHigherLevelExceptionType(ntut.csie.csdet.refactor.RetryRefactoringTest)" time="0.07" />
  <testcase classname="pde.test.utils.PDETestListener$WrapperTestCase" name="testFindHomogeneousExType_InnerTryStatementHoldLowerLevelExceptionType(ntut.csie.csdet.refactor.RetryRefactoringTest)" time="0.09" />
  <testcase classname="pde.test.utils.PDETestListener$WrapperTestCase" name="testFindHomogeneousExType_InnerTryStatementExceptionTypeAndOuterTryStatementExceptionWithoutParentChildRelations(ntut.csie.csdet.refactor.RetryRefactoringTest)" time="0.07" />
  <testcase classname="pde.test.utils.PDETestListener$WrapperTestCase" name="testAddNewVariable(ntut.csie.csdet.refactor.RetryRefactoringTest)" time="0.08" />
  <testcase classname="pde.test.utils.PDETestListener$WrapperTestCase" name="testAddDoWhile(ntut.csie.csdet.refactor.RetryRefactoringTest)" time="0.07" />
  <testcase classname="pde.test.utils.PDETestListener$WrapperTestCase" name="testAddTryClause(ntut.csie.csdet.refactor.RetryRefactoringTest)" time="0.08" />
  <testcase classname="pde.test.utils.PDETestListener$WrapperTestCase" name="testAddNoAltTryBlock(ntut.csie.csdet.refactor.RetryRefactoringTest)" time="0.07" />
  <testcase classname="pde.test.utils.PDETestListener$WrapperTestCase" name="testAddCatchBlock(ntut.csie.csdet.refactor.RetryRefactoringTest)" time="0.08" />
  <testcase classname="pde.test.utils.PDETestListener$WrapperTestCase" name="testCountFileLOC(ntut.csie.csdet.report.ReportBuilderIntergrationTest)" time="0.13" />
</testsuite>
